<?xml version="1.0" encoding="UTF-8"?>
<!-- Generated by org.testng.reporters.JUnitReportReporter -->
<testsuite hostname="DTFNS-PD-Diegoo" name="tests.TesteAbrindoAppMinhasEconomias" tests="1" failures="0" timestamp="1 Apr 2016 17:48:42 GMT" time="19.669" errors="0">
  <testcase name="testeMinhasEconomias" time="19.669" classname="tests.TesteAbrindoAppMinhasEconomias"/>
</testsuite> <!-- tests.TesteAbrindoAppMinhasEconomias -->
