<?xml version="1.0" encoding="UTF-8"?>
<!-- Generated by org.testng.reporters.JUnitReportReporter -->
<testsuite hostname="DTFNS-PD-Diegoo" name="tests.FecharAppTest" tests="1" failures="1" timestamp="3 Jun 2016 13:30:47 GMT" time="0.000" errors="0">
  <testcase name="fecharApp" time="0.000" classname="tests.FecharAppTest"/>
</testsuite> <!-- tests.FecharAppTest -->
