<?xml version="1.0" encoding="UTF-8"?>
<!-- Generated by org.testng.reporters.JUnitReportReporter -->
<testsuite hostname="DTFNS-PD-Diegoo" name="tests.FunctionalTest" tests="1" failures="0" timestamp="5 Apr 2016 20:05:21 GMT" time="54.046" errors="0">
  <testcase name="loginApp" time="54.046" classname="tests.FunctionalTest"/>
</testsuite> <!-- tests.FunctionalTest -->
