<?xml version="1.0" encoding="UTF-8"?>
<!-- Generated by org.testng.reporters.JUnitReportReporter -->
<testsuite hostname="DTFNS-PD-Diegoo" name="tests.CadastrarDespesaTest" tests="1" failures="1" timestamp="3 Jun 2016 13:30:47 GMT" time="0.001" errors="0">
  <testcase name="cadastrarDespesa" time="0.001" classname="tests.CadastrarDespesaTest"/>
</testsuite> <!-- tests.CadastrarDespesaTest -->
