<?xml version="1.0" encoding="UTF-8"?>
<!-- Generated by org.testng.reporters.JUnitReportReporter -->
<testsuite hostname="FLNNOTFS021402" name="tests.HomeTest" tests="3" failures="0" timestamp="2 Nov 2018 21:38:39 GMT" time="69.623" errors="0">
  <testcase name="testCalcEquilatero" time="23.262" classname="tests.HomeTest"/>
  <testcase name="testCalcoEscaleno" time="35.049" classname="tests.HomeTest"/>
  <testcase name="testMsg" time="11.312" classname="tests.HomeTest"/>
</testsuite> <!-- tests.HomeTest -->
